[debug] [2020-04-09T11:45:18.430Z] ----------------------------------------------------------------------
[debug] [2020-04-09T11:45:18.433Z] Command:       D:\Program Files\nodejs\node.exe C:\Users\user\AppData\Roaming\npm\node_modules\firebase-tools\lib\bin\firebase.js init
[debug] [2020-04-09T11:45:18.434Z] CLI Version:   8.0.2
[debug] [2020-04-09T11:45:18.434Z] Platform:      win32
[debug] [2020-04-09T11:45:18.434Z] Node Version:  v12.16.1
[debug] [2020-04-09T11:45:18.435Z] Time:          Thu Apr 09 2020 12:45:18 GMT+0100 (British Summer Time)
[debug] [2020-04-09T11:45:18.435Z] ----------------------------------------------------------------------
[debug] [2020-04-09T11:45:18.436Z] 
[debug] [2020-04-09T11:45:18.443Z] > command requires scopes: ["email","openid","https://www.googleapis.com/auth/cloudplatformprojects.readonly","https://www.googleapis.com/auth/firebase","https://www.googleapis.com/auth/cloud-platform"]
[debug] [2020-04-09T11:45:18.444Z] > authorizing via signed-in user
[info] 
     ######## #### ########  ######## ########     ###     ######  ########
     ##        ##  ##     ## ##       ##     ##  ##   ##  ##       ##
     ######    ##  ########  ######   ########  #########  ######  ######
     ##        ##  ##    ##  ##       ##     ## ##     ##       ## ##
     ##       #### ##     ## ######## ########  ##     ##  ######  ########

You're about to initialize a Firebase project in this directory:

  C:\Users\user\carsales-nosql

[info] 
=== Project Setup
[info] 
[info] First, let's associate this project directory with a Firebase project.
[info] You can create multiple project aliases by running firebase use --add, 
[info] but for now we'll just set up a default project.
[info] 
